| 2023-08-15 19:41:56,217 - GCparagon - INFO - Number of available physical cores: 18. Estimate of available efficiently usable logical cores: 18. Will use 12 threads.
| 2023-08-15 19:41:56,249 - GCparagon - INFO - GCparagon (GC-bias computation) Started.
|---------------------------------------------------------------------------------
|   Configuration for processing sample C01 was:
|   +++++++++++++++++++++++++++++++++++++++++++
|   Using parameter preset 1 for analysis setup
|   Minimum fragment length: 20bp
|   Maximum fragment length: 550bp
|   Minimum number of specific fragment attribute combination occurrences: 2
|   Target number of fragments to process: 5,000,000 (expected to be reached)
|   Repetitions for simulation of expected GC-content per chunk: 6
|   Random seed was: 120
|   Temporary data will be written to: /mnt/NVMeScratch/NVMe_data/WGS_temp/temp_dir/C01
|   Final results will be moved from temporary path to directory: /mnt/Data/BPDP/GC_bias_correction/GC_correction_appNote/NARGAB_revision/GCparagon_sample_BAMs_GCparagon-GC-tagged/preset1/C01
|---------------------------------------------------------------------------------
| 2023-08-15 19:41:56,250 - GCparagon - INFO - 10 chunks were excluded from further analysis based on the 33.3% chunk overlap with blacklisted regions threshold.
| 2023-08-15 19:41:56,250 - GCparagon - INFO - Predefined genomic chunks loaded: 1,692 chunks available for processing. Will stop either after processing 5,000,000 fragments or having exhausted list of genomic chunks, whichever occurs first.
| 2023-08-15 19:42:35,598 - GCparagon - INFO - ---------------------------------------------------------------------------------
| 2023-08-15 19:42:35,598 - GCparagon - INFO - Target number of fragments to process reached: 6,130,388/5,000,000 (incl. ignored fragments).
| 2023-08-15 19:42:35,598 - GCparagon - INFO - In total, 61 genomic chunks were included in GC-bias computation.
| 2023-08-15 19:42:35,598 - GCparagon - INFO - Total number of all ignored fragments due to length out of bounds, extensively clipped, or extensive reference base N-content: 69,907 which corresponds to an ignored alignment percentage of 1.14%
Effective number of fragments included in statistics: 6,060,481
| 2023-08-15 19:42:35,600 - GCparagon - INFO - Saving statistic matrix 'C01_simulated_attributes_matrix.txt.gz' to output directory
| 2023-08-15 19:42:35,701 - GCparagon - INFO - Saving statistic matrix 'C01_observed_attributes_matrix.txt.gz' to output directory
| 2023-08-15 19:42:35,764 - GCparagon - INFO - Mask computation: used a minimum threshold of 2 for total counts of individual GC-base count-fragment length combinations.
| 2023-08-15 19:42:38,281 - GCparagon - INFO - Estimated percentage of weighted fragments in dataset: 99.9744% (based on 6,060,481 processed fragments included in statistics, which is 98.86% of all processed fragments)
| 2023-08-15 19:42:38,286 - GCparagon - INFO -  i :  8 xIQR outlier threshold was 6.38 (Q3 of weights != {0.0; 1.0} + 8 * IQR). Number of correction weights above 6.38: 37 (= 0.2694% of all weights != {0.0; 1.0})
| 2023-08-15 19:42:39,364 - GCparagon - INFO - Copying GC-bias computation output from '/mnt/NVMeScratch/NVMe_data/WGS_temp/temp_dir/C01' to '/mnt/Data/BPDP/GC_bias_correction/GC_correction_appNote/NARGAB_revision/GCparagon_sample_BAMs_GCparagon-GC-tagged/preset1/C01' ..
| 2023-08-15 19:42:39,375 - GCparagon - INFO - Correction weights matrix averaged from 6 simulations written to file: '/mnt/Data/BPDP/GC_bias_correction/GC_correction_appNote/NARGAB_revision/GCparagon_sample_BAMs_GCparagon-GC-tagged/preset1/C01/C01_gc_weights_6simsMean.2IQRoutliersRemoved.5IgaussSmoothed.txt.gz'
| 2023-08-15 19:42:39,376 - GCparagon - INFO - GCparagon (GC-bias computation) Finished Successfully. Elapsed time: 0:00:43 (h:mm:ss)
| 2023-08-15 19:42:39,376 - GCparagon - INFO - ---------------------------------------------------------------------------------
| 2023-08-15 19:42:39,376 - GCparagon - INFO - GCparagon (adding weights to BAM file) Tagging Started.
| 2023-08-15 19:52:28,271 - GCparagon - INFO - Combining tagged scaffold BAMs '/mnt/NVMeScratch/NVMe_data/WGS_temp/temp_dir/C01' to '/mnt/Data/BPDP/GC_bias_correction/GC_correction_appNote/NARGAB_revision/GCparagon_sample_BAMs_GCparagon-GC-tagged/preset1/C01' ..
| 2023-08-15 19:52:28,287 - GCparagon - INFO - There were no unaligned reads detected in the input file. Nothing will be output.
| 2023-08-15 19:56:44,465 - GCparagon - INFO - Moving GC-bias computation output from '/mnt/NVMeScratch/NVMe_data/WGS_temp/temp_dir/C01' to '/mnt/Data/BPDP/GC_bias_correction/GC_correction_appNote/NARGAB_revision/GCparagon_sample_BAMs_GCparagon-GC-tagged/preset1/C01' ..
| 2023-08-15 19:58:11,082 - GCparagon - INFO - GCparagon (adding weights to BAM file) Finished Successfully. Elapsed time: 0:15:32 (h:mm:ss)
