| 2023-08-15 20:17:52,247 - GCparagon - INFO - Number of available physical cores: 18. Estimate of available efficiently usable logical cores: 18. Will use 12 threads.
| 2023-08-15 20:17:52,275 - GCparagon - INFO - GCparagon (GC-bias computation) Started.
|---------------------------------------------------------------------------------
|   Configuration for processing sample P01 was:
|   +++++++++++++++++++++++++++++++++++++++++++
|   Using parameter preset 1 for analysis setup
|   Minimum fragment length: 20bp
|   Maximum fragment length: 550bp
|   Minimum number of specific fragment attribute combination occurrences: 2
|   Target number of fragments to process: 5,000,000 (expected to be reached)
|   Repetitions for simulation of expected GC-content per chunk: 6
|   Random seed was: 120
|   Temporary data will be written to: /mnt/NVMeScratch/NVMe_data/WGS_temp/temp_dir/P01
|   Final results will be moved from temporary path to directory: /mnt/Data/BPDP/GC_bias_correction/GC_correction_appNote/NARGAB_revision/GCparagon_sample_BAMs_GCparagon-GC-tagged/preset1/P01
|---------------------------------------------------------------------------------
| 2023-08-15 20:17:52,276 - GCparagon - INFO - 10 chunks were excluded from further analysis based on the 33.3% chunk overlap with blacklisted regions threshold.
| 2023-08-15 20:17:52,276 - GCparagon - INFO - Predefined genomic chunks loaded: 1,692 chunks available for processing. Will stop either after processing 5,000,000 fragments or having exhausted list of genomic chunks, whichever occurs first.
| 2023-08-15 20:18:43,667 - GCparagon - INFO - ---------------------------------------------------------------------------------
| 2023-08-15 20:18:43,667 - GCparagon - INFO - Target number of fragments to process reached: 6,994,921/5,000,000 (incl. ignored fragments).
| 2023-08-15 20:18:43,667 - GCparagon - INFO - In total, 45 genomic chunks were included in GC-bias computation.
| 2023-08-15 20:18:43,667 - GCparagon - INFO - Total number of all ignored fragments due to length out of bounds, extensively clipped, or extensive reference base N-content: 47,200 which corresponds to an ignored alignment percentage of 0.67%
Effective number of fragments included in statistics: 6,947,721
| 2023-08-15 20:18:43,668 - GCparagon - INFO - Saving statistic matrix 'P01_simulated_attributes_matrix.txt.gz' to output directory
| 2023-08-15 20:18:44,022 - GCparagon - INFO - Saving statistic matrix 'P01_observed_attributes_matrix.txt.gz' to output directory
| 2023-08-15 20:18:44,214 - GCparagon - INFO - Mask computation: used a minimum threshold of 2 for total counts of individual GC-base count-fragment length combinations.
| 2023-08-15 20:18:49,895 - GCparagon - INFO - Estimated percentage of weighted fragments in dataset: 99.8236% (based on 6,947,721 processed fragments included in statistics, which is 99.33% of all processed fragments)
| 2023-08-15 20:18:49,902 - GCparagon - INFO -  i :  8 xIQR outlier threshold was 7.22 (Q3 of weights != {0.0; 1.0} + 8 * IQR). Number of correction weights above 7.22: 232 (= 0.4243% of all weights != {0.0; 1.0})
| 2023-08-15 20:18:52,696 - GCparagon - INFO - Copying GC-bias computation output from '/mnt/NVMeScratch/NVMe_data/WGS_temp/temp_dir/P01' to '/mnt/Data/BPDP/GC_bias_correction/GC_correction_appNote/NARGAB_revision/GCparagon_sample_BAMs_GCparagon-GC-tagged/preset1/P01' ..
| 2023-08-15 20:18:52,713 - GCparagon - INFO - Correction weights matrix averaged from 6 simulations written to file: '/mnt/Data/BPDP/GC_bias_correction/GC_correction_appNote/NARGAB_revision/GCparagon_sample_BAMs_GCparagon-GC-tagged/preset1/P01/P01_gc_weights_6simsMean.2IQRoutliersRemoved.5IgaussSmoothed.txt.gz'
| 2023-08-15 20:18:52,714 - GCparagon - INFO - GCparagon (GC-bias computation) Finished Successfully. Elapsed time: 0:01:00 (h:mm:ss)
| 2023-08-15 20:18:52,714 - GCparagon - INFO - ---------------------------------------------------------------------------------
| 2023-08-15 20:18:52,714 - GCparagon - INFO - GCparagon (adding weights to BAM file) Tagging Started.
| 2023-08-15 20:33:03,124 - GCparagon - INFO - Combining tagged scaffold BAMs '/mnt/NVMeScratch/NVMe_data/WGS_temp/temp_dir/P01' to '/mnt/Data/BPDP/GC_bias_correction/GC_correction_appNote/NARGAB_revision/GCparagon_sample_BAMs_GCparagon-GC-tagged/preset1/P01' ..
| 2023-08-15 20:33:03,459 - GCparagon - INFO - There were no unaligned reads detected in the input file. Nothing will be output.
| 2023-08-15 20:38:52,387 - GCparagon - INFO - Moving GC-bias computation output from '/mnt/NVMeScratch/NVMe_data/WGS_temp/temp_dir/P01' to '/mnt/Data/BPDP/GC_bias_correction/GC_correction_appNote/NARGAB_revision/GCparagon_sample_BAMs_GCparagon-GC-tagged/preset1/P01' ..
| 2023-08-15 20:41:26,610 - GCparagon - INFO - GCparagon (adding weights to BAM file) Finished Successfully. Elapsed time: 0:22:34 (h:mm:ss)
