| 2023-08-14 13:12:20,947 - GCparagon - INFO - Number of available physical cores: 18. Estimate of available efficiently usable logical cores: 18. Will use 12 threads.
| 2023-08-14 13:12:20,974 - GCparagon - INFO - GCparagon (GC-bias computation) Started.
|---------------------------------------------------------------------------------
|   Configuration for processing sample P01 was:
|   +++++++++++++++++++++++++++++++++++++++++++
|   Using parameter preset 2 for analysis setup
|   Minimum fragment length: 20bp
|   Maximum fragment length: 550bp
|   Minimum number of specific fragment attribute combination occurrences: 10
|   Target number of fragments to process: 50,000,000 (expected to be reached)
|   Repetitions for simulation of expected GC-content per chunk: 4
|   Random seed was: 509
|   Temporary data will be written to: /mnt/NVMeScratch/NVMe_data/WGS_temp/temp_dir/P01
|   Final results will be moved from temporary path to directory: /mnt/NVMeScratch/PycharmProjects/GCparagon_dev/preset_computation_v0.5.5-binaryAlnFilter-12cores/P01
|---------------------------------------------------------------------------------
| 2023-08-14 13:12:20,975 - GCparagon - INFO - 10 chunks were excluded from further analysis based on the 33.3% chunk overlap with blacklisted regions threshold.
| 2023-08-14 13:12:20,975 - GCparagon - INFO - Predefined genomic chunks loaded: 1,692 chunks available for processing. Will stop either after processing 50,000,000 fragments or having exhausted list of genomic chunks, whichever occurs first.
| 2023-08-14 13:17:15,930 - GCparagon - INFO - ---------------------------------------------------------------------------------
| 2023-08-14 13:17:15,930 - GCparagon - INFO - Target number of fragments to process reached: 51,780,826/50,000,000 (incl. ignored fragments).
| 2023-08-14 13:17:15,930 - GCparagon - INFO - In total, 335 genomic chunks were included in GC-bias computation.
| 2023-08-14 13:17:15,930 - GCparagon - INFO - Total number of all ignored fragments due to length out of bounds, extensively clipped, or extensive reference base N-content: 374,216 which corresponds to an ignored alignment percentage of 0.72%
Effective number of fragments included in statistics: 51,406,610
| 2023-08-14 13:17:15,933 - GCparagon - INFO - Saving statistic matrix 'P01_simulated_attributes_matrix.txt.gz' to output directory
| 2023-08-14 13:17:16,396 - GCparagon - INFO - Saving statistic matrix 'P01_observed_attributes_matrix.txt.gz' to output directory
| 2023-08-14 13:17:16,593 - GCparagon - INFO - Mask computation: used a minimum threshold of 10 for total counts of individual GC-base count-fragment length combinations.
| 2023-08-14 13:17:22,309 - GCparagon - INFO - Estimated percentage of weighted fragments in dataset: 99.7831% (based on 51,406,610 processed fragments included in statistics, which is 99.28% of all processed fragments)
| 2023-08-14 13:17:22,313 - GCparagon - INFO -  i :  8 xIQR outlier threshold was 6.85 (Q3 of weights != {0.0; 1.0} + 8 * IQR). Number of correction weights above 6.85: 307 (= 0.5261% of all weights != {0.0; 1.0})
| 2023-08-14 13:17:24,929 - GCparagon - INFO - Copying GC-bias computation output from '/mnt/NVMeScratch/NVMe_data/WGS_temp/temp_dir/P01' to '/mnt/NVMeScratch/PycharmProjects/GCparagon_dev/preset_computation_v0.5.5-binaryAlnFilter-12cores/P01' ..
| 2023-08-14 13:17:24,935 - GCparagon - INFO - Correction weights matrix averaged from 4 simulations written to file: '/mnt/NVMeScratch/PycharmProjects/GCparagon_dev/preset_computation_v0.5.5-binaryAlnFilter-12cores/P01/P01_gc_weights_4simsMean.2IQRoutliersRemoved.2IgaussSmoothed.txt.gz'
| 2023-08-14 13:17:24,936 - GCparagon - INFO - GCparagon (GC-bias computation) Finished Successfully. Elapsed time: 0:05:04 (h:mm:ss)
| 2023-08-14 13:17:24,936 - GCparagon - INFO - ---------------------------------------------------------------------------------
| 2023-08-14 13:17:24,936 - GCparagon - INFO - GCparagon (adding weights to BAM file) Tagging Started.
| 2023-08-14 13:31:54,951 - GCparagon - INFO - Combining tagged scaffold BAMs '/mnt/NVMeScratch/NVMe_data/WGS_temp/temp_dir/P01' to '/mnt/NVMeScratch/PycharmProjects/GCparagon_dev/preset_computation_v0.5.5-binaryAlnFilter-12cores/P01' ..
| 2023-08-14 13:31:54,964 - GCparagon - INFO - There were no unaligned reads detected in the input file. Nothing will be output.
| 2023-08-14 13:37:33,641 - GCparagon - INFO - Moving GC-bias computation output from '/mnt/NVMeScratch/NVMe_data/WGS_temp/temp_dir/P01' to '/mnt/NVMeScratch/PycharmProjects/GCparagon_dev/preset_computation_v0.5.5-binaryAlnFilter-12cores/P01' ..
| 2023-08-14 13:37:33,642 - GCparagon - INFO - GCparagon (adding weights to BAM file) Finished Successfully. Elapsed time: 0:20:09 (h:mm:ss)
