| 2023-08-15 19:58:11,732 - GCparagon - INFO - Number of available physical cores: 18. Estimate of available efficiently usable logical cores: 18. Will use 12 threads.
| 2023-08-15 19:58:11,762 - GCparagon - INFO - GCparagon (GC-bias computation) Started.
|---------------------------------------------------------------------------------
|   Configuration for processing sample H01 was:
|   +++++++++++++++++++++++++++++++++++++++++++
|   Using parameter preset 1 for analysis setup
|   Minimum fragment length: 20bp
|   Maximum fragment length: 550bp
|   Minimum number of specific fragment attribute combination occurrences: 2
|   Target number of fragments to process: 5,000,000 (expected to be reached)
|   Repetitions for simulation of expected GC-content per chunk: 6
|   Random seed was: 120
|   Temporary data will be written to: /mnt/NVMeScratch/NVMe_data/WGS_temp/temp_dir/H01
|   Final results will be moved from temporary path to directory: /mnt/Data/BPDP/GC_bias_correction/GC_correction_appNote/NARGAB_revision/GCparagon_sample_BAMs_GCparagon-GC-tagged/preset1/H01
|---------------------------------------------------------------------------------
| 2023-08-15 19:58:11,763 - GCparagon - INFO - 10 chunks were excluded from further analysis based on the 33.3% chunk overlap with blacklisted regions threshold.
| 2023-08-15 19:58:11,764 - GCparagon - INFO - Predefined genomic chunks loaded: 1,692 chunks available for processing. Will stop either after processing 5,000,000 fragments or having exhausted list of genomic chunks, whichever occurs first.
| 2023-08-15 19:58:55,809 - GCparagon - INFO - ---------------------------------------------------------------------------------
| 2023-08-15 19:58:55,809 - GCparagon - INFO - Target number of fragments to process reached: 6,247,024/5,000,000 (incl. ignored fragments).
| 2023-08-15 19:58:55,809 - GCparagon - INFO - In total, 59 genomic chunks were included in GC-bias computation.
| 2023-08-15 19:58:55,809 - GCparagon - INFO - Total number of all ignored fragments due to length out of bounds, extensively clipped, or extensive reference base N-content: 54,557 which corresponds to an ignored alignment percentage of 0.87%
Effective number of fragments included in statistics: 6,192,467
| 2023-08-15 19:58:55,810 - GCparagon - INFO - Saving statistic matrix 'H01_simulated_attributes_matrix.txt.gz' to output directory
| 2023-08-15 19:58:56,197 - GCparagon - INFO - Saving statistic matrix 'H01_observed_attributes_matrix.txt.gz' to output directory
| 2023-08-15 19:58:56,395 - GCparagon - INFO - Mask computation: used a minimum threshold of 2 for total counts of individual GC-base count-fragment length combinations.
| 2023-08-15 19:59:06,370 - GCparagon - INFO - Estimated percentage of weighted fragments in dataset: 99.8084% (based on 6,192,467 processed fragments included in statistics, which is 99.13% of all processed fragments)
| 2023-08-15 19:59:06,378 - GCparagon - INFO -  i :  8 xIQR outlier threshold was 4.09 (Q3 of weights != {0.0; 1.0} + 8 * IQR). Number of correction weights above 4.09: 227 (= 0.3618% of all weights != {0.0; 1.0})
| 2023-08-15 19:59:12,228 - GCparagon - INFO - Copying GC-bias computation output from '/mnt/NVMeScratch/NVMe_data/WGS_temp/temp_dir/H01' to '/mnt/Data/BPDP/GC_bias_correction/GC_correction_appNote/NARGAB_revision/GCparagon_sample_BAMs_GCparagon-GC-tagged/preset1/H01' ..
| 2023-08-15 19:59:12,248 - GCparagon - INFO - Correction weights matrix averaged from 6 simulations written to file: '/mnt/Data/BPDP/GC_bias_correction/GC_correction_appNote/NARGAB_revision/GCparagon_sample_BAMs_GCparagon-GC-tagged/preset1/H01/H01_gc_weights_6simsMean.2IQRoutliersRemoved.5IgaussSmoothed.txt.gz'
| 2023-08-15 19:59:12,249 - GCparagon - INFO - GCparagon (GC-bias computation) Finished Successfully. Elapsed time: 0:01:01 (h:mm:ss)
| 2023-08-15 19:59:12,249 - GCparagon - INFO - ---------------------------------------------------------------------------------
| 2023-08-15 19:59:12,249 - GCparagon - INFO - GCparagon (adding weights to BAM file) Tagging Started.
| 2023-08-15 20:10:45,487 - GCparagon - INFO - Combining tagged scaffold BAMs '/mnt/NVMeScratch/NVMe_data/WGS_temp/temp_dir/H01' to '/mnt/Data/BPDP/GC_bias_correction/GC_correction_appNote/NARGAB_revision/GCparagon_sample_BAMs_GCparagon-GC-tagged/preset1/H01' ..
| 2023-08-15 20:10:45,502 - GCparagon - INFO - There were no unaligned reads detected in the input file. Nothing will be output.
| 2023-08-15 20:15:51,511 - GCparagon - INFO - Moving GC-bias computation output from '/mnt/NVMeScratch/NVMe_data/WGS_temp/temp_dir/H01' to '/mnt/Data/BPDP/GC_bias_correction/GC_correction_appNote/NARGAB_revision/GCparagon_sample_BAMs_GCparagon-GC-tagged/preset1/H01' ..
| 2023-08-15 20:17:52,191 - GCparagon - INFO - GCparagon (adding weights to BAM file) Finished Successfully. Elapsed time: 0:18:40 (h:mm:ss)
