| 2023-08-14 12:28:10,244 - GCparagon - INFO - Number of available physical cores: 18. Estimate of available efficiently usable logical cores: 18. Will use 12 threads.
| 2023-08-14 12:28:10,273 - GCparagon - INFO - GCparagon (GC-bias computation) Started.
|---------------------------------------------------------------------------------
|   Configuration for processing sample C01 was:
|   +++++++++++++++++++++++++++++++++++++++++++
|   Using parameter preset 2 for analysis setup
|   Minimum fragment length: 20bp
|   Maximum fragment length: 550bp
|   Minimum number of specific fragment attribute combination occurrences: 10
|   Target number of fragments to process: 50,000,000 (expected to be reached)
|   Repetitions for simulation of expected GC-content per chunk: 4
|   Random seed was: 487
|   Temporary data will be written to: /mnt/NVMeScratch/NVMe_data/WGS_temp/temp_dir/C01
|   Final results will be moved from temporary path to directory: /mnt/NVMeScratch/PycharmProjects/GCparagon_dev/preset_computation_v0.5.5-binaryAlnFilter-12cores/C01
|---------------------------------------------------------------------------------
| 2023-08-14 12:28:10,274 - GCparagon - INFO - 10 chunks were excluded from further analysis based on the 33.3% chunk overlap with blacklisted regions threshold.
| 2023-08-14 12:28:10,274 - GCparagon - INFO - Predefined genomic chunks loaded: 1,692 chunks available for processing. Will stop either after processing 50,000,000 fragments or having exhausted list of genomic chunks, whichever occurs first.
| 2023-08-14 12:32:49,704 - GCparagon - INFO - ---------------------------------------------------------------------------------
| 2023-08-14 12:32:49,704 - GCparagon - INFO - Target number of fragments to process reached: 51,052,538/50,000,000 (incl. ignored fragments).
| 2023-08-14 12:32:49,704 - GCparagon - INFO - In total, 529 genomic chunks were included in GC-bias computation.
| 2023-08-14 12:32:49,704 - GCparagon - INFO - Total number of all ignored fragments due to length out of bounds, extensively clipped, or extensive reference base N-content: 600,016 which corresponds to an ignored alignment percentage of 1.18%
Effective number of fragments included in statistics: 50,452,522
| 2023-08-14 12:32:49,705 - GCparagon - INFO - Saving statistic matrix 'C01_simulated_attributes_matrix.txt.gz' to output directory
| 2023-08-14 12:32:49,820 - GCparagon - INFO - Saving statistic matrix 'C01_observed_attributes_matrix.txt.gz' to output directory
| 2023-08-14 12:32:49,884 - GCparagon - INFO - Mask computation: used a minimum threshold of 10 for total counts of individual GC-base count-fragment length combinations.
| 2023-08-14 12:32:52,522 - GCparagon - INFO - Estimated percentage of weighted fragments in dataset: 99.9713% (based on 50,452,522 processed fragments included in statistics, which is 98.82% of all processed fragments)
| 2023-08-14 12:32:52,527 - GCparagon - INFO -  i :  8 xIQR outlier threshold was 6.14 (Q3 of weights != {0.0; 1.0} + 8 * IQR). Number of correction weights above 6.14: 56 (= 0.3888% of all weights != {0.0; 1.0})
| 2023-08-14 12:32:53,749 - GCparagon - INFO - Copying GC-bias computation output from '/mnt/NVMeScratch/NVMe_data/WGS_temp/temp_dir/C01' to '/mnt/NVMeScratch/PycharmProjects/GCparagon_dev/preset_computation_v0.5.5-binaryAlnFilter-12cores/C01' ..
| 2023-08-14 12:32:53,758 - GCparagon - INFO - Correction weights matrix averaged from 4 simulations written to file: '/mnt/NVMeScratch/PycharmProjects/GCparagon_dev/preset_computation_v0.5.5-binaryAlnFilter-12cores/C01/C01_gc_weights_4simsMean.2IQRoutliersRemoved.2IgaussSmoothed.txt.gz'
| 2023-08-14 12:32:53,758 - GCparagon - INFO - GCparagon (GC-bias computation) Finished Successfully. Elapsed time: 0:04:43 (h:mm:ss)
| 2023-08-14 12:32:53,758 - GCparagon - INFO - ---------------------------------------------------------------------------------
| 2023-08-14 12:32:53,758 - GCparagon - INFO - GCparagon (adding weights to BAM file) Tagging Started.
| 2023-08-14 12:43:16,945 - GCparagon - INFO - Combining tagged scaffold BAMs '/mnt/NVMeScratch/NVMe_data/WGS_temp/temp_dir/C01' to '/mnt/NVMeScratch/PycharmProjects/GCparagon_dev/preset_computation_v0.5.5-binaryAlnFilter-12cores/C01' ..
| 2023-08-14 12:43:16,959 - GCparagon - INFO - There were no unaligned reads detected in the input file. Nothing will be output.
| 2023-08-14 12:47:59,243 - GCparagon - INFO - Moving GC-bias computation output from '/mnt/NVMeScratch/NVMe_data/WGS_temp/temp_dir/C01' to '/mnt/NVMeScratch/PycharmProjects/GCparagon_dev/preset_computation_v0.5.5-binaryAlnFilter-12cores/C01' ..
| 2023-08-14 12:47:59,245 - GCparagon - INFO - GCparagon (adding weights to BAM file) Finished Successfully. Elapsed time: 0:15:06 (h:mm:ss)
| 2023-08-14 12:47:59,303 - GCparagon - INFO - Number of available physical cores: 18. Estimate of available efficiently usable logical cores: 18. Will use 12 threads.
| 2023-08-14 12:47:59,329 - GCparagon - INFO - GCparagon (GC-bias computation) Started.
|---------------------------------------------------------------------------------
|   Configuration for processing sample H01 was:
|   +++++++++++++++++++++++++++++++++++++++++++
|   Using parameter preset 2 for analysis setup
|   Minimum fragment length: 20bp
|   Maximum fragment length: 550bp
|   Minimum number of specific fragment attribute combination occurrences: 10
|   Target number of fragments to process: 50,000,000 (expected to be reached)
|   Repetitions for simulation of expected GC-content per chunk: 4
|   Random seed was: 487
|   Temporary data will be written to: /mnt/NVMeScratch/NVMe_data/WGS_temp/temp_dir/H01
|   Final results will be moved from temporary path to directory: /mnt/NVMeScratch/PycharmProjects/GCparagon_dev/preset_computation_v0.5.5-binaryAlnFilter-12cores/H01
|---------------------------------------------------------------------------------
| 2023-08-14 12:47:59,330 - GCparagon - INFO - 10 chunks were excluded from further analysis based on the 33.3% chunk overlap with blacklisted regions threshold.
| 2023-08-14 12:47:59,330 - GCparagon - INFO - Predefined genomic chunks loaded: 1,692 chunks available for processing. Will stop either after processing 50,000,000 fragments or having exhausted list of genomic chunks, whichever occurs first.
| 2023-08-14 12:53:07,286 - GCparagon - INFO - ---------------------------------------------------------------------------------
| 2023-08-14 12:53:07,286 - GCparagon - INFO - Target number of fragments to process reached: 51,238,855/50,000,000 (incl. ignored fragments).
| 2023-08-14 12:53:07,287 - GCparagon - INFO - In total, 491 genomic chunks were included in GC-bias computation.
| 2023-08-14 12:53:07,287 - GCparagon - INFO - Total number of all ignored fragments due to length out of bounds, extensively clipped, or extensive reference base N-content: 456,355 which corresponds to an ignored alignment percentage of 0.89%
Effective number of fragments included in statistics: 50,782,500
| 2023-08-14 12:53:07,288 - GCparagon - INFO - Saving statistic matrix 'H01_simulated_attributes_matrix.txt.gz' to output directory
| 2023-08-14 12:53:07,811 - GCparagon - INFO - Saving statistic matrix 'H01_observed_attributes_matrix.txt.gz' to output directory
| 2023-08-14 12:53:08,034 - GCparagon - INFO - Mask computation: used a minimum threshold of 10 for total counts of individual GC-base count-fragment length combinations.
| 2023-08-14 12:53:13,247 - GCparagon - INFO - Estimated percentage of weighted fragments in dataset: 99.8052% (based on 50,782,500 processed fragments included in statistics, which is 99.11% of all processed fragments)
| 2023-08-14 12:53:13,255 - GCparagon - INFO -  i :  8 xIQR outlier threshold was 3.17 (Q3 of weights != {0.0; 1.0} + 8 * IQR). Number of correction weights above 3.17: 365 (= 0.5405% of all weights != {0.0; 1.0})
| 2023-08-14 12:53:16,252 - GCparagon - INFO - Copying GC-bias computation output from '/mnt/NVMeScratch/NVMe_data/WGS_temp/temp_dir/H01' to '/mnt/NVMeScratch/PycharmProjects/GCparagon_dev/preset_computation_v0.5.5-binaryAlnFilter-12cores/H01' ..
| 2023-08-14 12:53:16,255 - GCparagon - INFO - Correction weights matrix averaged from 4 simulations written to file: '/mnt/NVMeScratch/PycharmProjects/GCparagon_dev/preset_computation_v0.5.5-binaryAlnFilter-12cores/H01/H01_gc_weights_4simsMean.2IQRoutliersRemoved.2IgaussSmoothed.txt.gz'
| 2023-08-14 12:53:16,255 - GCparagon - INFO - GCparagon (GC-bias computation) Finished Successfully. Elapsed time: 0:05:17 (h:mm:ss)
| 2023-08-14 12:53:16,255 - GCparagon - INFO - ---------------------------------------------------------------------------------
| 2023-08-14 12:53:16,256 - GCparagon - INFO - GCparagon (adding weights to BAM file) Tagging Started.
| 2023-08-14 13:04:55,921 - GCparagon - INFO - Combining tagged scaffold BAMs '/mnt/NVMeScratch/NVMe_data/WGS_temp/temp_dir/H01' to '/mnt/NVMeScratch/PycharmProjects/GCparagon_dev/preset_computation_v0.5.5-binaryAlnFilter-12cores/H01' ..
| 2023-08-14 13:04:55,937 - GCparagon - INFO - There were no unaligned reads detected in the input file. Nothing will be output.
| 2023-08-14 13:09:57,221 - GCparagon - INFO - Moving GC-bias computation output from '/mnt/NVMeScratch/NVMe_data/WGS_temp/temp_dir/H01' to '/mnt/NVMeScratch/PycharmProjects/GCparagon_dev/preset_computation_v0.5.5-binaryAlnFilter-12cores/H01' ..
| 2023-08-14 13:09:57,232 - GCparagon - INFO - GCparagon (adding weights to BAM file) Finished Successfully. Elapsed time: 0:16:41 (h:mm:ss)
